<?xml version="1.0" encoding="UTF-8"?><testsuite failures="0" name="cucumber.runtime.formatter.JUnitFormatter" skipped="0" tests="1" time="24.846354">
<testcase classname="Seller PO" name="Create Seller PO" time="24.846354">
<system-out><![CDATA[Given User already on login page............................................passed
When title is seller........................................................passed
Then enter data username and password.......................................passed
Then Click login button.....................................................passed
Then Click on PO List.......................................................passed
Then Click on new PO........................................................passed
Then Enter poname and client................................................passed
Then close browser..........................................................passed
]]></system-out>
</testcase>
</testsuite>
